# JRE version: Java(TM) SE Runtime Environment (8.0_111-b14) (build 1.8.0_111-b14)
# Java VM: Java HotSpot(TM) 64-Bit Server VM (25.111-b14 mixed mode windows-amd64 compressed oops)
Heap:
 PSYoungGen      total 18944K, used 12155K [0x00000000eb500000, 0x00000000eca00000, 0x0000000100000000)
  eden space 16384K, 74% used [0x00000000eb500000,0x00000000ec0decc0,0x00000000ec500000)
  from space 2560K, 0% used [0x00000000ec780000,0x00000000ec780000,0x00000000eca00000)
  to   space 2560K, 0% used [0x00000000ec500000,0x00000000ec500000,0x00000000ec780000)
 ParOldGen       total 80384K, used 26714K [0x00000000c1e00000, 0x00000000c6c80000, 0x00000000eb500000)
  object space 80384K, 33% used [0x00000000c1e00000,0x00000000c3816ab8,0x00000000c6c80000)
 Metaspace       used 15482K, capacity 15694K, committed 16128K, reserved 1062912K
  class space    used 1848K, capacity 1943K, committed 2048K, reserved 1048576K
GC Heap History (6 events):
Event: 0.485 GC heap before
{Heap before GC invocations=1 (full 0):
 PSYoungGen      total 18944K, used 16384K [0x00000000eb500000, 0x00000000eca00000, 0x0000000100000000)
  eden space 16384K, 100% used [0x00000000eb500000,0x00000000ec500000,0x00000000ec500000)
  from space 2560K, 0% used [0x00000000ec780000,0x00000000ec780000,0x00000000eca00000)
  to   space 2560K, 0% used [0x00000000ec500000,0x00000000ec500000,0x00000000ec780000)
 ParOldGen       total 44032K, used 14400K [0x00000000c1e00000, 0x00000000c4900000, 0x00000000eb500000)
  object space 44032K, 32% used [0x00000000c1e00000,0x00000000c2c10010,0x00000000c4900000)
 Metaspace       used 8870K, capacity 9034K, committed 9216K, reserved 1056768K
  class space    used 1083K, capacity 1155K, committed 1280K, reserved 1048576K
Event: 0.488 GC heap after
Heap after GC invocations=1 (full 0):
 PSYoungGen      total 18944K, used 1536K [0x00000000eb500000, 0x00000000eca00000, 0x0000000100000000)
  eden space 16384K, 0% used [0x00000000eb500000,0x00000000eb500000,0x00000000ec500000)
  from space 2560K, 60% used [0x00000000ec500000,0x00000000ec680020,0x00000000ec780000)
  to   space 2560K, 0% used [0x00000000ec780000,0x00000000ec780000,0x00000000eca00000)
 ParOldGen       total 44032K, used 14408K [0x00000000c1e00000, 0x00000000c4900000, 0x00000000eb500000)
  object space 44032K, 32% used [0x00000000c1e00000,0x00000000c2c12010,0x00000000c4900000)
 Metaspace       used 8870K, capacity 9034K, committed 9216K, reserved 1056768K
  class space    used 1083K, capacity 1155K, committed 1280K, reserved 1048576K
}
Event: 20.261 GC heap before
{Heap before GC invocations=2 (full 0):
 PSYoungGen      total 18944K, used 17918K [0x00000000eb500000, 0x00000000eca00000, 0x0000000100000000)
  eden space 16384K, 99% used [0x00000000eb500000,0x00000000ec4ffa40,0x00000000ec500000)
  from space 2560K, 60% used [0x00000000ec500000,0x00000000ec680020,0x00000000ec780000)
  to   space 2560K, 0% used [0x00000000ec780000,0x00000000ec780000,0x00000000eca00000)
 ParOldGen       total 44032K, used 14408K [0x00000000c1e00000, 0x00000000c4900000, 0x00000000eb500000)
  object space 44032K, 32% used [0x00000000c1e00000,0x00000000c2c12010,0x00000000c4900000)
 Metaspace       used 11780K, capacity 11948K, committed 12160K, reserved 1060864K
  class space    used 1484K, capacity 1546K, committed 1664K, reserved 1048576K
Event: 20.281 GC heap after
Heap after GC invocations=2 (full 0):
 PSYoungGen      total 18944K, used 2144K [0x00000000eb500000, 0x00000000eca00000, 0x0000000100000000)
  eden space 16384K, 0% used [0x00000000eb500000,0x00000000eb500000,0x00000000ec500000)
  from space 2560K, 83% used [0x00000000ec780000,0x00000000ec998020,0x00000000eca00000)
  to   space 2560K, 0% used [0x00000000ec500000,0x00000000ec500000,0x00000000ec780000)
 ParOldGen       total 44032K, used 42402K [0x00000000c1e00000, 0x00000000c4900000, 0x00000000eb500000)
  object space 44032K, 96% used [0x00000000c1e00000,0x00000000c4768a60,0x00000000c4900000)
 Metaspace       used 11780K, capacity 11948K, committed 12160K, reserved 1060864K
  class space    used 1484K, capacity 1546K, committed 1664K, reserved 1048576K
}
Event: 20.281 GC heap before
{Heap before GC invocations=3 (full 1):
 PSYoungGen      total 18944K, used 2144K [0x00000000eb500000, 0x00000000eca00000, 0x0000000100000000)
  eden space 16384K, 0% used [0x00000000eb500000,0x00000000eb500000,0x00000000ec500000)
  from space 2560K, 83% used [0x00000000ec780000,0x00000000ec998020,0x00000000eca00000)
  to   space 2560K, 0% used [0x00000000ec500000,0x00000000ec500000,0x00000000ec780000)
 ParOldGen       total 44032K, used 42402K [0x00000000c1e00000, 0x00000000c4900000, 0x00000000eb500000)
  object space 44032K, 96% used [0x00000000c1e00000,0x00000000c4768a60,0x00000000c4900000)
 Metaspace       used 11780K, capacity 11948K, committed 12160K, reserved 1060864K
  class space    used 1484K, capacity 1546K, committed 1664K, reserved 1048576K
Event: 20.308 GC heap after
Heap after GC invocations=3 (full 1):
 PSYoungGen      total 18944K, used 0K [0x00000000eb500000, 0x00000000eca00000, 0x0000000100000000)
  eden space 16384K, 0% used [0x00000000eb500000,0x00000000eb500000,0x00000000ec500000)
  from space 2560K, 0% used [0x00000000ec780000,0x00000000ec780000,0x00000000eca00000)
  to   space 2560K, 0% used [0x00000000ec500000,0x00000000ec500000,0x00000000ec780000)
 ParOldGen       total 80384K, used 26714K [0x00000000c1e00000, 0x00000000c6c80000, 0x00000000eb500000)
  object space 80384K, 33% used [0x00000000c1e00000,0x00000000c3816ab8,0x00000000c6c80000)
 Metaspace       used 11780K, capacity 11948K, committed 12160K, reserved 1060864K
  class space    used 1484K, capacity 1546K, committed 1664K, reserved 1048576K
}

